SELECT setting::integer < 90600 AS pre_96
FROM pg_settings WHERE name = 'server_version_num';
 pre_96 
--------
 t
(1 row)

-- Unique keys are already pretty much guaranteed by the underlying features of
-- PostgreSQL, but test them anyway.
CREATE TABLE uk (id integer, s integer, e integer, CONSTRAINT uk_pkey PRIMARY KEY (id, s, e));
SELECT periods.add_period('uk', 'p', 's', 'e');
 add_period 
------------
 t
(1 row)

SELECT periods.add_unique_key('uk', ARRAY['id'], 'p', key_name => 'uk_id_p', unique_constraint => 'uk_pkey');
 add_unique_key 
----------------
 t
(1 row)

INSERT INTO uk (id, s, e) VALUES (100, 1, 3), (100, 3, 4), (100, 4, 10); -- success
INSERT INTO uk (id, s, e) VALUES (200, 1, 3), (200, 3, 4), (200, 5, 10); -- success
INSERT INTO uk (id, s, e) VALUES (300, 1, 3), (300, 3, 5), (300, 4, 10); -- fail
ERROR:  conflicting key value violates exclusion constraint "uk_id_int4range_excl"
DETAIL:  Key (id, int4range(s, e, '[)'::text))=(300, [4,10)) conflicts with existing key (id, int4range(s, e, '[)'::text))=(300, [3,5)).
CREATE TABLE fk (id integer, uk_id integer, s integer, e integer, PRIMARY KEY (id));
SELECT periods.add_period('fk', 'q', 's', 'e');
 add_period 
------------
 t
(1 row)

SELECT periods.add_foreign_key('fk', ARRAY['uk_id'], 'q', 'uk_id_p', key_name => 'fk_uk_id_q');
 add_foreign_key 
-----------------
 fk_uk_id_q
(1 row)

-- INSERT
INSERT INTO fk VALUES (0, 100, 0, 1); -- fail
ERROR:  insert or update on table "fk" violates foreign key constraint "fk_uk_id_q"
CONTEXT:  SQL statement "SELECT periods.validate_foreign_key_new_row(TG_ARGV[0], jnew)"
PL/pgSQL function periods.fk_insert_check() line 20 at PERFORM
INSERT INTO fk VALUES (0, 100, 0, 10); -- fail
ERROR:  insert or update on table "fk" violates foreign key constraint "fk_uk_id_q"
CONTEXT:  SQL statement "SELECT periods.validate_foreign_key_new_row(TG_ARGV[0], jnew)"
PL/pgSQL function periods.fk_insert_check() line 20 at PERFORM
INSERT INTO fk VALUES (0, 100, 1, 11); -- fail
ERROR:  insert or update on table "fk" violates foreign key constraint "fk_uk_id_q"
CONTEXT:  SQL statement "SELECT periods.validate_foreign_key_new_row(TG_ARGV[0], jnew)"
PL/pgSQL function periods.fk_insert_check() line 20 at PERFORM
INSERT INTO fk VALUES (1, 100, 1, 3); -- success
INSERT INTO fk VALUES (2, 100, 1, 10); -- success
-- UPDATE
UPDATE fk SET e = 20 WHERE id = 1; -- fail
ERROR:  insert or update on table "fk" violates foreign key constraint "fk_uk_id_q"
CONTEXT:  SQL statement "SELECT periods.validate_foreign_key_new_row(TG_ARGV[0], jnew)"
PL/pgSQL function periods.fk_update_check() line 19 at PERFORM
UPDATE fk SET e = 6 WHERE id = 1; -- success
UPDATE uk SET s = 2 WHERE (id, s, e) = (100, 1, 3); -- fail
ERROR:  update or delete on table "uk" violates foreign key constraint "fk_uk_id_q" on table "fk"
CONTEXT:  SQL statement "SELECT periods.validate_foreign_key_old_row(TG_ARGV[0], jold, true)"
PL/pgSQL function periods.uk_update_check() line 23 at PERFORM
UPDATE uk SET s = 0 WHERE (id, s, e) = (100, 1, 3); -- success
-- DELETE
DELETE FROM uk WHERE (id, s, e) = (100, 3, 4); -- fail
ERROR:  update or delete on table "uk" violates foreign key constraint "fk_uk_id_q" on table "fk"
CONTEXT:  SQL statement "SELECT periods.validate_foreign_key_old_row(TG_ARGV[0], jold, false)"
PL/pgSQL function periods.uk_delete_check() line 22 at PERFORM
DELETE FROM uk WHERE (id, s, e) = (200, 3, 5); -- success
DROP TABLE fk;
DROP TABLE uk;
